running egg_info
writing ../build/outdoorworld/outdoorworld.egg-info/PKG-INFO
writing dependency_links to ../build/outdoorworld/outdoorworld.egg-info/dependency_links.txt
writing entry points to ../build/outdoorworld/outdoorworld.egg-info/entry_points.txt
writing requirements to ../build/outdoorworld/outdoorworld.egg-info/requires.txt
writing top-level names to ../build/outdoorworld/outdoorworld.egg-info/top_level.txt
reading manifest file '../build/outdoorworld/outdoorworld.egg-info/SOURCES.txt'
adding license file 'LICENSE'
writing manifest file '../build/outdoorworld/outdoorworld.egg-info/SOURCES.txt'
running build
running build_py
running install
running install_lib
running install_data
creating /home/crolson1/Desktop/outdoorworld/install/outdoorworld/share/outdoorworld/launch
copying launch/f23_robotics_1_launch.py -> /home/crolson1/Desktop/outdoorworld/install/outdoorworld/share/outdoorworld/launch
creating /home/crolson1/Desktop/outdoorworld/install/outdoorworld/share/outdoorworld/worlds
copying worlds/outdoorworld.wbt -> /home/crolson1/Desktop/outdoorworld/install/outdoorworld/share/outdoorworld/worlds
running install_egg_info
removing '/home/crolson1/Desktop/outdoorworld/install/outdoorworld/lib/python3.10/site-packages/outdoorworld-0.0.0-py3.10.egg-info' (and everything under it)
Copying ../build/outdoorworld/outdoorworld.egg-info to /home/crolson1/Desktop/outdoorworld/install/outdoorworld/lib/python3.10/site-packages/outdoorworld-0.0.0-py3.10.egg-info
running install_scripts
writing list of installed files to '/home/crolson1/Desktop/outdoorworld/build/outdoorworld/install.log'
