[0.679s] Invoking command in '/home/crolson1/Desktop/outdoorworld/outdoorworld': PYTHONPATH=/home/crolson1/Desktop/outdoorworld/build/outdoorworld/prefix_override:/usr/lib/python3/dist-packages/colcon_core/task/python/colcon_distutils_commands:/home/crolson1/Desktop/outdoorworld/install/outdoorworld/lib/python3.10/site-packages:${PYTHONPATH} /usr/bin/python3 -W ignore:setup.py install is deprecated setup.py egg_info --egg-base ../build/outdoorworld build --build-base /home/crolson1/Desktop/outdoorworld/build/outdoorworld/build install --record /home/crolson1/Desktop/outdoorworld/build/outdoorworld/install.log --single-version-externally-managed install_data
[0.925s] running egg_info
[0.925s] writing ../build/outdoorworld/outdoorworld.egg-info/PKG-INFO
[0.925s] writing dependency_links to ../build/outdoorworld/outdoorworld.egg-info/dependency_links.txt
[0.926s] writing entry points to ../build/outdoorworld/outdoorworld.egg-info/entry_points.txt
[0.926s] writing requirements to ../build/outdoorworld/outdoorworld.egg-info/requires.txt
[0.926s] writing top-level names to ../build/outdoorworld/outdoorworld.egg-info/top_level.txt
[0.928s] reading manifest file '../build/outdoorworld/outdoorworld.egg-info/SOURCES.txt'
[0.929s] adding license file 'LICENSE'
[0.929s] writing manifest file '../build/outdoorworld/outdoorworld.egg-info/SOURCES.txt'
[0.929s] running build
[0.929s] running build_py
[0.930s] running install
[0.930s] running install_lib
[0.931s] running install_data
[0.931s] creating /home/crolson1/Desktop/outdoorworld/install/outdoorworld/share/outdoorworld/launch
[0.931s] copying launch/f23_robotics_1_launch.py -> /home/crolson1/Desktop/outdoorworld/install/outdoorworld/share/outdoorworld/launch
[0.931s] creating /home/crolson1/Desktop/outdoorworld/install/outdoorworld/share/outdoorworld/worlds
[0.932s] copying worlds/outdoorworld.wbt -> /home/crolson1/Desktop/outdoorworld/install/outdoorworld/share/outdoorworld/worlds
[0.933s] running install_egg_info
[0.934s] removing '/home/crolson1/Desktop/outdoorworld/install/outdoorworld/lib/python3.10/site-packages/outdoorworld-0.0.0-py3.10.egg-info' (and everything under it)
[0.935s] Copying ../build/outdoorworld/outdoorworld.egg-info to /home/crolson1/Desktop/outdoorworld/install/outdoorworld/lib/python3.10/site-packages/outdoorworld-0.0.0-py3.10.egg-info
[0.936s] running install_scripts
[0.958s] writing list of installed files to '/home/crolson1/Desktop/outdoorworld/build/outdoorworld/install.log'
[0.984s] Invoked command in '/home/crolson1/Desktop/outdoorworld/outdoorworld' returned '0': PYTHONPATH=/home/crolson1/Desktop/outdoorworld/build/outdoorworld/prefix_override:/usr/lib/python3/dist-packages/colcon_core/task/python/colcon_distutils_commands:/home/crolson1/Desktop/outdoorworld/install/outdoorworld/lib/python3.10/site-packages:${PYTHONPATH} /usr/bin/python3 -W ignore:setup.py install is deprecated setup.py egg_info --egg-base ../build/outdoorworld build --build-base /home/crolson1/Desktop/outdoorworld/build/outdoorworld/build install --record /home/crolson1/Desktop/outdoorworld/build/outdoorworld/install.log --single-version-externally-managed install_data
